[2024-03-10T04:07:04+00:00] Prepare facts for a scan
[2024-03-10T04:07:04+00:00] Current task gather_info
[2024-03-10T04:07:04+00:00] processing gather_info
[2024-03-10T04:07:04+00:00] Core: 2631
[2024-03-10T04:07:04+00:00] get_core_files in 0
[2024-03-10T04:07:04+00:00] process done, queue for next
[2024-03-10T04:07:04+00:00] Scan not done, pinging
[2024-03-10T04:07:04+00:00] Current task gather_info
[2024-03-10T04:07:04+00:00] processing gather_info
[2024-03-10T04:07:05+00:00] Content: 6256
[2024-03-10T04:07:05+00:00] get_content_files in 1
[2024-03-10T04:07:05+00:00] task gather_info processed
[2024-03-10T04:07:05+00:00] queue core_integrity_check for next
[2024-03-10T04:07:05+00:00] process done, queue for next
[2024-03-10T04:07:05+00:00] Scan not done, pinging
[2024-03-10T04:07:05+00:00] Current task core_integrity_check
[2024-03-10T04:07:05+00:00] processing core_integrity_check
[2024-03-10T04:07:05+00:00] Fetch checksums, should only once
[2024-03-10T04:07:06+00:00] current pos 0
[2024-03-10T04:07:12+00:00] skip /Users/mikey/Local Sites/white-label-storage-b2c/app/public/.DS_Store because of file is whitelisted
[2024-03-10T04:07:12+00:00] task core_integrity_check processed
[2024-03-10T04:07:12+00:00] All done!
[2024-03-10T04:07:12+00:00] process done, queue for next
